<?xml version="1.0" encoding="UTF-8"?>
<testsuite xmlns:xsi="http://www.w3.org/2001/XMLSchema-instance" xsi:noNamespaceSchemaLocation="https://maven.apache.org/surefire/maven-surefire-plugin/xsd/surefire-test-report-3.0.xsd" version="3.0" name="visualization.CovidDataVisualizerTest" time="0.716" tests="3" errors="0" skipped="0" failures="0">
  <properties>
[...]
</properties>
  <testcase name="testCreateScatterPlot" classname="visualization.CovidDataVisualizerTest" time="0.185"/>
  <testcase name="testCreateHistogram" classname="visualization.CovidDataVisualizerTest" time="0.008"/>
  <testcase name="testExportChart(Path)" classname="visualization.CovidDataVisualizerTest" time="0.514"/>
</testsuite>